2026-03-21 17:33:09,702 [INFO] ==================================================
2026-03-21 17:33:09,703 [INFO] KnightFight Bot v5 — INT7 | Dashboard: http://localhost:8765/dashboard
2026-03-21 17:33:09,703 [INFO] ==================================================
2026-03-21 17:33:09,703 [INFO] Coletando status do personagem...
2026-03-21 17:33:09,717 [INFO] Dashboard: http://localhost:8765/dashboard
2026-03-21 17:33:10,735 [INFO] MY_STATS atualizado: Lv22 | AC=71 Blq=71 | min_xp_lv=17
2026-03-21 17:33:11,023 [INFO] Gold na conta: 3923g | Pedras: 2
2026-03-21 17:33:11,025 [INFO] Status: Lv22 | 792V/218D | 3923g | 2 pedras
2026-03-21 17:33:11,026 [INFO] Loop rápido iniciado — bot já está agindo!
2026-03-21 17:33:11,026 [INFO] Background: coletando ranking inicial...
2026-03-21 17:33:11,026 [INFO] 
🔄 [LENTO] Iniciando ciclo horário...
2026-03-21 17:33:11,026 [INFO] Bot rodando. Ctrl+C para parar.
2026-03-21 17:33:11,031 [INFO] 
⚡ [RÁPIDO] Imunidade: agora
2026-03-21 17:33:11,323 [INFO]   Ranking página 100...
2026-03-21 17:33:11,631 [INFO]   Página 100: 101 jogadores
2026-03-21 17:33:12,051 [INFO] MY_STATS atualizado: Lv22 | AC=71 Blq=71 | min_xp_lv=17
2026-03-21 17:33:12,057 [INFO] Status: Lv22 | 792V/218D | 171858 prec
2026-03-21 17:33:12,137 [WARNING] ⚠ Imunidade expirando em agora — buscando alvo do cache...
2026-03-21 17:33:12,137 [WARNING] Cache de perfis vazio — não é possível buscar alvo sem HTTP massivo
2026-03-21 17:33:12,137 [WARNING] Nenhum alvo seguro encontrado no cache!
2026-03-21 17:33:12,341 [INFO]   Ranking página 100...
2026-03-21 17:33:12,512 [INFO] Missão: 10min | bem | usados=50/60min
2026-03-21 17:33:12,661 [INFO]   Página 100: 101 jogadores
2026-03-21 17:33:12,821 [INFO] Missão iniciada! Hoje: 60/60min
2026-03-21 17:33:12,821 [INFO] Missão: iniciada
2026-03-21 17:33:13,631 [INFO]   Ranking página 200...
2026-03-21 17:33:13,935 [INFO]   Página 200: 101 jogadores
2026-03-21 17:33:14,661 [INFO]   Ranking página 200...
2026-03-21 17:33:14,968 [INFO]   Página 200: 101 jogadores
2026-03-21 17:33:15,935 [INFO]   Ranking página 300...
2026-03-21 17:33:16,257 [INFO]   Página 300: 101 jogadores
2026-03-21 17:33:16,968 [INFO]   Ranking página 300...
2026-03-21 17:33:17,277 [INFO]   Página 300: 101 jogadores
2026-03-21 17:33:18,257 [INFO]   Ranking página 400...
2026-03-21 17:33:18,587 [INFO]   Página 400: 101 jogadores
2026-03-21 17:33:19,278 [INFO]   Ranking página 400...
2026-03-21 17:33:19,582 [INFO]   Página 400: 101 jogadores
2026-03-21 17:33:20,588 [INFO]   Ranking página 500...
2026-03-21 17:33:20,896 [INFO]   Página 500: 101 jogadores
2026-03-21 17:33:21,583 [INFO]   Ranking página 500...
2026-03-21 17:33:21,884 [INFO]   Página 500: 101 jogadores
2026-03-21 17:33:22,897 [INFO] Ranking completo: 500 jogadores
2026-03-21 17:33:22,906 [INFO] Background: ranking coletado!
2026-03-21 17:33:22,906 [INFO] Background: coletando cache de perfis (~15min)...
2026-03-21 17:33:22,918 [INFO] Coletando cache de perfis: 500 jogadores (~17min)...
2026-03-21 17:33:23,884 [INFO] Ranking completo: 500 jogadores
2026-03-21 17:33:23,915 [INFO] Pig list: 0 total | +0 adicionados | -0 removidos
2026-03-21 17:41:45,200 [INFO] ==================================================
2026-03-21 17:41:45,200 [INFO] KnightFight Bot v5 — INT7 | Dashboard: http://localhost:8765/dashboard
2026-03-21 17:41:45,200 [INFO] ==================================================
2026-03-21 17:41:45,201 [INFO] Coletando status do personagem...
2026-03-21 17:41:45,214 [INFO] Dashboard: http://localhost:8765/dashboard
2026-03-21 17:41:46,645 [INFO] MY_STATS atualizado: Lv22 | AC=71 Blq=71 | min_xp_lv=17
2026-03-21 17:41:46,954 [INFO] Gold na conta: 3913g | Pedras: 2
2026-03-21 17:41:46,960 [INFO] Status: Lv22 | 792V/218D | 3913g | 2 pedras
2026-03-21 17:41:46,960 [INFO] Loop rápido iniciado — bot já está agindo!
2026-03-21 17:41:46,960 [INFO] Background: coletando ranking inicial...
2026-03-21 17:41:46,961 [INFO] 
🔄 [LENTO] Iniciando ciclo horário...
2026-03-21 17:41:46,961 [INFO] Bot rodando. Ctrl+C para parar.
2026-03-21 17:41:46,965 [INFO] 
⚡ [RÁPIDO] Imunidade: agora
2026-03-21 17:41:47,260 [INFO]   Ranking página 100...
2026-03-21 17:41:47,559 [INFO]   Página 100: 101 jogadores
2026-03-21 17:41:48,003 [INFO] MY_STATS atualizado: Lv22 | AC=71 Blq=71 | min_xp_lv=17
2026-03-21 17:41:48,008 [INFO] Status: Lv22 | 792V/218D | 171858 prec
2026-03-21 17:41:48,010 [INFO] CD ativo: 1m25s restantes
2026-03-21 17:41:48,015 [INFO]   Em CD: 1m25s restantes
2026-03-21 17:41:48,328 [INFO]   Ranking página 100...
2026-03-21 17:41:48,641 [INFO]   Página 100: 101 jogadores
2026-03-21 17:41:49,559 [INFO]   Ranking página 200...
2026-03-21 17:41:49,850 [INFO]   Página 200: 101 jogadores
2026-03-21 17:41:50,641 [INFO]   Ranking página 200...
2026-03-21 17:41:50,938 [INFO]   Página 200: 101 jogadores
2026-03-21 17:41:51,850 [INFO]   Ranking página 300...
2026-03-21 17:41:52,142 [INFO]   Página 300: 101 jogadores
2026-03-21 17:41:52,939 [INFO]   Ranking página 300...
2026-03-21 17:41:53,270 [INFO]   Página 300: 101 jogadores
2026-03-21 17:41:54,143 [INFO]   Ranking página 400...
2026-03-21 17:41:54,430 [INFO]   Página 400: 101 jogadores
2026-03-21 17:41:55,271 [INFO]   Ranking página 400...
2026-03-21 17:48:24,886 [INFO] ==================================================
2026-03-21 17:48:24,886 [INFO] KnightFight Bot v5 — INT7 | Dashboard: http://localhost:8765/dashboard
2026-03-21 17:48:24,886 [INFO] ==================================================
2026-03-21 17:48:24,887 [INFO] Coletando status do personagem...
2026-03-21 17:48:24,902 [INFO] Dashboard: http://localhost:8765/dashboard
2026-03-21 17:48:26,605 [INFO] MY_STATS atualizado: Lv22 | AC=71 Blq=71 | min_xp_lv=17
2026-03-21 17:48:26,891 [INFO] Gold na conta: 3913g | Pedras: 2
2026-03-21 17:48:26,899 [INFO] Status: Lv22 | 792V/218D | 3913g | 2 pedras
2026-03-21 17:48:26,899 [INFO] Loop rápido iniciado — bot já está agindo!
2026-03-21 17:48:26,900 [INFO] Background: coletando ranking inicial...
2026-03-21 17:48:26,900 [INFO] 
🔄 [LENTO] Iniciando ciclo horário...
2026-03-21 17:48:26,900 [INFO] Bot rodando. Ctrl+C para parar.
2026-03-21 17:48:26,901 [INFO] 
⚡ [RÁPIDO] Imunidade: agora
2026-03-21 17:48:27,219 [INFO]   Ranking página 100...
2026-03-21 17:48:27,515 [INFO]   Página 100: 101 jogadores
2026-03-21 17:48:27,931 [INFO] MY_STATS atualizado: Lv22 | AC=71 Blq=71 | min_xp_lv=17
2026-03-21 17:48:27,941 [INFO] Status: Lv22 | 792V/218D | 171858 prec
2026-03-21 17:48:28,009 [WARNING] ⚠ Imunidade expirando em agora — buscando alvo do cache...
2026-03-21 17:48:28,009 [WARNING] Cache de perfis vazio — não é possível buscar alvo sem HTTP massivo
2026-03-21 17:48:28,009 [WARNING] Nenhum alvo seguro encontrado no cache!
2026-03-21 17:48:28,243 [INFO]   Ranking página 100...
2026-03-21 17:48:28,331 [INFO] Cota diária atingida (60min)
2026-03-21 17:48:28,332 [INFO] Missão: cota_diaria
2026-03-21 17:48:28,549 [INFO]   Página 100: 101 jogadores
2026-03-21 17:48:29,515 [INFO]   Ranking página 200...
2026-03-21 17:48:29,819 [INFO]   Página 200: 101 jogadores
2026-03-21 17:48:30,549 [INFO]   Ranking página 200...
2026-03-21 17:48:30,850 [INFO]   Página 200: 101 jogadores
2026-03-21 17:48:31,820 [INFO]   Ranking página 300...
2026-03-21 17:48:32,149 [INFO]   Página 300: 101 jogadores
2026-03-21 17:48:32,851 [INFO]   Ranking página 300...
2026-03-21 17:48:33,161 [INFO]   Página 300: 101 jogadores
2026-03-21 17:48:34,150 [INFO]   Ranking página 400...
2026-03-21 17:48:34,471 [INFO]   Página 400: 101 jogadores
2026-03-21 17:48:35,161 [INFO]   Ranking página 400...
2026-03-21 17:48:35,462 [INFO]   Página 400: 101 jogadores
2026-03-21 17:48:36,471 [INFO]   Ranking página 500...
2026-03-21 17:48:36,770 [INFO]   Página 500: 101 jogadores
2026-03-21 17:48:37,463 [INFO]   Ranking página 500...
2026-03-21 17:48:37,784 [INFO]   Página 500: 101 jogadores
2026-03-21 17:48:38,770 [INFO] Ranking completo: 500 jogadores
2026-03-21 17:48:38,799 [INFO] Background: ranking coletado!
2026-03-21 17:48:38,799 [INFO] Background: coletando cache de perfis (~15min)...
2026-03-21 17:48:38,812 [INFO] Coletando cache de perfis: 500 jogadores (~17min)...
2026-03-21 17:48:39,784 [INFO] Ranking completo: 500 jogadores
2026-03-21 17:48:39,839 [INFO] Pig list: 0 total | +0 adicionados | -0 removidos
2026-03-21 17:50:13,223 [INFO] ==================================================
2026-03-21 17:50:13,223 [INFO] KnightFight Bot v5 — INT7 | Dashboard: http://localhost:8766/dashboard
2026-03-21 17:50:13,223 [INFO] ==================================================
2026-03-21 17:50:13,225 [INFO] Coletando status do personagem...
2026-03-21 17:50:13,239 [INFO] Dashboard: http://localhost:8766/dashboard
2026-03-21 17:50:14,218 [INFO] MY_STATS atualizado: Lv22 | AC=70 Blq=70 | min_xp_lv=17
2026-03-21 17:50:14,543 [INFO] Gold na conta: 45g | Pedras: 22
2026-03-21 17:50:14,544 [INFO] Status: Lv22 | 816V/408D | 45g | 22 pedras
2026-03-21 17:50:14,545 [INFO] Loop rápido iniciado — bot já está agindo!
2026-03-21 17:50:14,545 [INFO] Background: coletando ranking inicial...
2026-03-21 17:50:14,545 [INFO] 
🔄 [LENTO] Iniciando ciclo horário...
2026-03-21 17:50:14,545 [INFO] Bot rodando. Ctrl+C para parar.
2026-03-21 17:50:14,553 [INFO] 
⚡ [RÁPIDO] Imunidade: agora
2026-03-21 17:50:14,849 [INFO]   Ranking página 100...
2026-03-21 17:50:15,153 [INFO]   Página 100: 101 jogadores
2026-03-21 17:50:15,586 [INFO] MY_STATS atualizado: Lv22 | AC=70 Blq=70 | min_xp_lv=17
2026-03-21 17:50:15,593 [INFO] Status: Lv22 | 816V/408D | 154178 prec
2026-03-21 17:50:15,671 [WARNING] ⚠ Imunidade expirando em agora — buscando alvo do cache...
2026-03-21 17:50:15,671 [WARNING] Cache de perfis vazio — não é possível buscar alvo sem HTTP massivo
2026-03-21 17:50:15,671 [WARNING] Nenhum alvo seguro encontrado no cache!
2026-03-21 17:50:15,890 [INFO]   Ranking página 100...
2026-03-21 17:50:16,021 [INFO] Missão: 10min | bem | usados=0/60min
2026-03-21 17:50:16,225 [INFO]   Página 100: 101 jogadores
2026-03-21 17:50:16,347 [INFO] Missão iniciada! Hoje: 10/60min
2026-03-21 17:50:16,347 [INFO] Missão: iniciada
2026-03-21 17:50:17,154 [INFO]   Ranking página 200...
2026-03-21 17:50:17,460 [INFO]   Página 200: 101 jogadores
2026-03-21 17:50:18,226 [INFO]   Ranking página 200...
2026-03-21 17:50:18,532 [INFO]   Página 200: 101 jogadores
2026-03-21 17:50:19,460 [INFO]   Ranking página 300...
2026-03-21 17:50:19,773 [INFO]   Página 300: 101 jogadores
2026-03-21 17:50:20,532 [INFO]   Ranking página 300...
2026-03-21 17:50:20,869 [INFO]   Página 300: 101 jogadores
2026-03-21 17:50:21,774 [INFO]   Ranking página 400...
2026-03-21 17:50:22,115 [INFO]   Página 400: 101 jogadores
2026-03-21 17:50:22,870 [INFO]   Ranking página 400...
2026-03-21 17:50:23,183 [INFO]   Página 400: 101 jogadores
2026-03-21 17:50:24,116 [INFO]   Ranking página 500...
2026-03-21 17:50:24,452 [INFO]   Página 500: 101 jogadores
2026-03-21 17:50:25,184 [INFO]   Ranking página 500...
2026-03-21 17:50:25,502 [INFO]   Página 500: 101 jogadores
2026-03-21 17:50:26,453 [INFO] Ranking completo: 500 jogadores
2026-03-21 17:50:26,464 [INFO] Background: ranking coletado!
2026-03-21 17:50:26,464 [INFO] Background: coletando cache de perfis (~15min)...
2026-03-21 17:50:26,475 [INFO] Coletando cache de perfis: 500 jogadores (~17min)...
2026-03-21 17:50:27,503 [INFO] Ranking completo: 500 jogadores
2026-03-21 17:50:27,538 [INFO] Pig list: 0 total | +0 adicionados | -0 removidos
2026-03-21 17:50:28,332 [INFO] 
⚡ [RÁPIDO] Imunidade: agora
2026-03-21 17:50:28,649 [WARNING] ⚠ Imunidade expirando em agora — buscando alvo do cache...
2026-03-21 17:50:28,649 [WARNING] Cache de perfis vazio — não é possível buscar alvo sem HTTP massivo
2026-03-21 17:50:28,649 [WARNING] Nenhum alvo seguro encontrado no cache!
2026-03-21 17:50:29,016 [INFO] Cota diária atingida (60min)
2026-03-21 17:50:29,017 [INFO] Missão: cota_diaria
2026-03-21 17:50:32,047 [INFO]   Cache: 50/500 perfis coletados...
2026-03-21 17:51:08,571 [INFO] ==================================================
2026-03-21 17:51:08,572 [INFO] KnightFight Bot v5 — INT6 | Dashboard: http://localhost:8767/dashboard
2026-03-21 17:51:08,572 [INFO] ==================================================
2026-03-21 17:51:08,572 [INFO] Coletando status do personagem...
2026-03-21 17:51:08,587 [INFO] Dashboard: http://localhost:8767/dashboard
2026-03-21 17:51:09,594 [INFO] MY_STATS atualizado: Lv22 | AC=75 Blq=75 | min_xp_lv=17
2026-03-21 17:51:09,890 [INFO] Gold na conta: 2641g | Pedras: 398
2026-03-21 17:51:09,893 [INFO] Status: Lv22 | 955V/86D | 2641g | 398 pedras
2026-03-21 17:51:09,893 [INFO] Loop rápido iniciado — bot já está agindo!
2026-03-21 17:51:09,894 [INFO] Background: coletando ranking inicial...
2026-03-21 17:51:09,894 [INFO] 
🔄 [LENTO] Iniciando ciclo horário...
2026-03-21 17:51:09,894 [INFO] Bot rodando. Ctrl+C para parar.
2026-03-21 17:51:09,899 [INFO] 
⚡ [RÁPIDO] Imunidade: agora
2026-03-21 17:51:10,191 [INFO]   Ranking página 100...
2026-03-21 17:51:10,529 [INFO]   Página 100: 101 jogadores
2026-03-21 17:51:10,912 [INFO] MY_STATS atualizado: Lv22 | AC=75 Blq=75 | min_xp_lv=17
2026-03-21 17:51:10,919 [INFO] Status: Lv22 | 955V/86D | 211993 prec
2026-03-21 17:51:10,951 [WARNING] ⚠ Imunidade expirando em agora — buscando alvo do cache...
2026-03-21 17:51:10,951 [WARNING] Cache de perfis vazio — não é possível buscar alvo sem HTTP massivo
2026-03-21 17:51:10,952 [WARNING] Nenhum alvo seguro encontrado no cache!
2026-03-21 17:51:11,204 [INFO]   Ranking página 100...
2026-03-21 17:51:11,273 [INFO] Missão: 10min | bem | usados=0/60min
2026-03-21 17:51:11,539 [INFO]   Página 100: 101 jogadores
2026-03-21 17:51:11,547 [INFO] Missão iniciada! Hoje: 10/60min
2026-03-21 17:51:11,547 [INFO] Missão: iniciada
2026-03-21 17:51:12,530 [INFO]   Ranking página 200...
2026-03-21 17:51:12,854 [INFO]   Página 200: 101 jogadores
2026-03-21 17:51:13,539 [INFO]   Ranking página 200...
2026-03-21 17:51:13,863 [INFO]   Página 200: 101 jogadores
2026-03-21 17:51:14,855 [INFO]   Ranking página 300...
2026-03-21 17:51:15,386 [INFO]   Página 300: 101 jogadores
2026-03-21 17:51:15,863 [INFO]   Ranking página 300...
2026-03-21 17:51:16,211 [INFO]   Página 300: 101 jogadores
2026-03-21 17:51:17,387 [INFO]   Ranking página 400...
2026-03-21 17:51:17,719 [INFO]   Página 400: 101 jogadores
2026-03-21 17:51:18,211 [INFO]   Ranking página 400...
2026-03-21 17:51:18,545 [INFO]   Página 400: 101 jogadores
2026-03-21 17:51:19,719 [INFO]   Ranking página 500...
2026-03-21 17:51:20,022 [INFO]   Página 500: 101 jogadores
2026-03-21 17:51:20,546 [INFO]   Ranking página 500...
2026-03-21 17:51:20,861 [INFO]   Página 500: 101 jogadores
2026-03-21 17:51:22,022 [INFO] Ranking completo: 500 jogadores
2026-03-21 17:51:22,030 [INFO] Background: ranking coletado!
2026-03-21 17:51:22,030 [INFO] Background: coletando cache de perfis (~15min)...
2026-03-21 17:51:22,042 [INFO] Coletando cache de perfis: 500 jogadores (~17min)...
2026-03-21 17:51:22,862 [INFO] Ranking completo: 500 jogadores
2026-03-21 17:51:22,908 [INFO] Pig list: 0 total | +0 adicionados | -0 removidos
2026-03-21 17:52:16,358 [INFO] 
⚡ [RÁPIDO] Imunidade: agora
2026-03-21 17:52:16,627 [INFO] CD ativo: 7m59s restantes
2026-03-21 17:52:16,634 [INFO]   Em CD: 7m59s restantes
2026-03-21 17:52:20,456 [INFO]   Cache: 50/500 perfis coletados...
2026-03-21 17:52:27,696 [INFO]   Cache: 100/500 perfis coletados...
2026-03-21 17:52:29,017 [INFO] 
⚡ [RÁPIDO] Imunidade: agora
2026-03-21 17:52:29,402 [WARNING] ⚠ Imunidade expirando em agora — buscando alvo do cache...
2026-03-21 17:52:29,413 [INFO] Candidatos imunização no cache: 100 (score_min=60)
2026-03-21 17:52:29,413 [INFO]   Com score >= 60: 1
2026-03-21 17:52:29,713 [INFO]   ✓ 𝖂𝖎𝖙𝖈𝖍𝖇𝖑𝖔𝖔𝖉 Lv31 score=62 disponível!
2026-03-21 17:52:29,713 [INFO] Imunizando com Comandante 𝖂𝖎𝖙𝖈𝖍𝖇𝖑𝖔𝖔𝖉 Lv31
2026-03-21 17:52:31,310 [INFO] Imunidade renovada até 18:52:31
2026-03-21 17:52:31,311 [INFO] ⚔ ✓ VITORIA | +81g | +2xp
2026-03-21 17:53:11,547 [INFO] 
⚡ [RÁPIDO] Imunidade: agora
2026-03-21 17:53:11,829 [INFO] CD ativo: 8m00s restantes
2026-03-21 17:53:11,831 [INFO]   Em CD: 8m00s restantes
2026-03-21 17:53:15,341 [INFO]   Cache: 50/500 perfis coletados...
